<?xml version="1.0" encoding="UTF-8"?>
<!-- Generated by org.testng.reporters.JUnitReportReporter -->
<testsuite skipped="0" hostname="LAPTOP-17ODSTPI" name="testscripts.BaseLibrary" tests="1" failures="0" timestamp="2020-10-08T21:31:53 IST" time="37.472" errors="0">
  <testcase name="testApp" time="37.472" classname="testscripts.BaseLibrary"/>
  <system-out/>
</testsuite> <!-- testscripts.BaseLibrary -->
