<?xml version="1.0" encoding="UTF-8"?>
<!-- Generated by org.testng.reporters.JUnitReportReporter -->
<testsuite skipped="0" hostname="LAPTOP-17ODSTPI" name="testscripts.FunctionLibrary" tests="1" failures="0" timestamp="2020-10-08T21:31:53 IST" time="30.565" errors="0">
  <testcase name="testApp" time="30.565" classname="testscripts.FunctionLibrary"/>
  <system-out/>
</testsuite> <!-- testscripts.FunctionLibrary -->
