<?xml version="1.0" encoding="UTF-8"?>
<!-- Generated by org.testng.reporters.JUnitReportReporter -->
<testsuite skipped="0" hostname="LAPTOP-17ODSTPI" name="testscripts.DriverScript" tests="1" failures="0" timestamp="2020-10-13T13:02:04 IST" time="61.287" errors="0">
  <testcase name="testApp" time="61.287" classname="testscripts.DriverScript"/>
  <system-out/>
</testsuite> <!-- testscripts.DriverScript -->
